C51 COMPILER V9.59.0.0   CAFETEIRA                                                         10/23/2018 14:58:20 PAGE 1   


C51 COMPILER V9.59.0.0, COMPILATION OF MODULE CAFETEIRA
OBJECT MODULE PLACED IN .\Objects\Cafeteira.obj
COMPILER INVOKED BY: C:\Keil_v5\C51\BIN\C51.EXE Cafeteira.c OPTIMIZE(8,SPEED) BROWSE DEBUG OBJECTEXTEND PRINT(.\Listings
                    -\Cafeteira.lst) TABS(2) OBJECT(.\Objects\Cafeteira.obj)

line level    source

   1          #include<at89x52.h>
   2          #define MOEDA P3_0
   3          #define BOTAOCAFE P3_1
   4          #define BOTAOCHA P3_2
   5          #define CAFE P0_0
   6          #define CHA P0_1
   7          #define COPO P0_2
   8          
   9          void delay_ms(unsigned int x)
  10          {
  11   1        unsigned int i,j;
  12   1        for (i=0;i<x;i++)
  13   1        {
  14   2          for(j=0;j<1275;j++)
  15   2          {
  16   3          }
  17   2        }
  18   1      }
  19          
  20          void cafe()
  21          {
  22   1        if(MOEDA == 1 & BOTAOCAFE == 1)
  23   1        {
  24   2          COPO = 0;
  25   2          CAFE = 1;
  26   2          delay_ms(15000);
  27   2          CAFE = 0;
  28   2          delay_ms(1000);
  29   2          BOTAOCAFE = 0;
  30   2          MOEDA = 0;
  31   2          delay_ms(1000);
  32   2          COPO = 1;
  33   2        }
  34   1      }
  35          
  36          void cha()
  37          {
  38   1        if(MOEDA == 1 & BOTAOCHA == 1)
  39   1        {
  40   2          COPO = 0;
  41   2          CHA = 1;
  42   2          delay_ms(15000);
  43   2          CHA = 0;
  44   2          delay_ms(1000);
  45   2          BOTAOCHA = 0;
  46   2          delay_ms(1000);
  47   2          MOEDA = 0;
  48   2          delay_ms(1000);
  49   2          COPO = 1;
  50   2        }
  51   1      }
  52          void main()
  53          {
  54   1        P0 = 0;
C51 COMPILER V9.59.0.0   CAFETEIRA                                                         10/23/2018 14:58:20 PAGE 2   

  55   1        P3 = 0;
  56   1        while(1)
  57   1        {
  58   2          cha();
  59   2          cafe();   
  60   2        }
  61   1      }


MODULE INFORMATION:   STATIC OVERLAYABLE
   CODE SIZE        =    152    ----
   CONSTANT SIZE    =   ----    ----
   XDATA SIZE       =   ----    ----
   PDATA SIZE       =   ----    ----
   DATA SIZE        =   ----    ----
   IDATA SIZE       =   ----    ----
   BIT SIZE         =   ----    ----
END OF MODULE INFORMATION.


C51 COMPILATION COMPLETE.  0 WARNING(S),  0 ERROR(S)
