C51 COMPILER V9.59.0.0   QUESTAO2                                                          10/23/2018 15:52:10 PAGE 1   


C51 COMPILER V9.59.0.0, COMPILATION OF MODULE QUESTAO2
OBJECT MODULE PLACED IN .\Objects\questao2.obj
COMPILER INVOKED BY: C:\Keil_v5\C51\BIN\C51.EXE questao2.c OPTIMIZE(8,SPEED) BROWSE DEBUG OBJECTEXTEND PRINT(.\Listings\
                    -questao2.lst) TABS(2) OBJECT(.\Objects\questao2.obj)

line level    source

   1          #include<at89x52.h>
   2          #define PRODUTOS P2_0
   3          #define CAIXA P2_1
   4          
   5          void delay_ms(unsigned int x)
   6          {
   7   1        unsigned int i,j;
   8   1        for (i=0;i<x;i++)
   9   1        {
  10   2          for(j=0;j<1275;j++)
  11   2          {
  12   3            
  13   3          }
  14   2        }
  15   1      }
  16          
  17          void atendeTimer() interrupt 0
  18          {
  19   1        PRODUTOS = 0;
  20   1        CAIXA = 1;
  21   1        delay_ms(8000);
  22   1      }
  23          
  24          void main()
  25          {
  26   1        EA = 1;
  27   1        EX0 = 1;
  28   1        IT0 = 1;
  29   1        P2 = 0;
  30   1        while(1)
  31   1        {
  32   2          CAIXA = 0;
  33   2          PRODUTOS = 1;   
  34   2        }
  35   1      }


MODULE INFORMATION:   STATIC OVERLAYABLE
   CODE SIZE        =     94    ----
   CONSTANT SIZE    =   ----    ----
   XDATA SIZE       =   ----    ----
   PDATA SIZE       =   ----    ----
   DATA SIZE        =   ----    ----
   IDATA SIZE       =   ----    ----
   BIT SIZE         =   ----    ----
END OF MODULE INFORMATION.


C51 COMPILATION COMPLETE.  0 WARNING(S),  0 ERROR(S)
