C51 COMPILER V9.59.0.0   MAIN                                                              10/23/2018 14:58:04 PAGE 1   


C51 COMPILER V9.59.0.0, COMPILATION OF MODULE MAIN
OBJECT MODULE PLACED IN .\Objects\main.obj
COMPILER INVOKED BY: C:\Keil_v5\C51\BIN\C51.EXE main.c OPTIMIZE(8,SPEED) BROWSE DEBUG OBJECTEXTEND PRINT(.\Listings\main
                    -.lst) TABS(2) OBJECT(.\Objects\main.obj)

line level    source

   1          #include <at89x52.h>
   2          
   3          #define camera1 P1_0
   4          #define camera2 P1_1
   5          #define camera3 P1_2
   6          #define camera4 P1_3
   7          #define sala1 P0_0
   8          #define sala2 P0_1
   9          #define sala3 P0_2
  10          #define sala4 P0_3
  11           
  12          const LIGADO = 1;
  13          const DESLIGADO = 0;
  14          int contador = 0;
  15          
  16          void alarme() interrupt 0{
  17   1        if(sala1 == 1 || sala2 == 1 || sala3 == 1 || sala4 == 1 ){
  18   2            P3_1 = ~P3_1;
  19   2            P3_3 = ~P3_3;
  20   2            P3_3 = ~P3_4;
  21   2            P3_5 = ~P3_5;
  22   2            P3_6 = ~P3_6;
  23   2            P3_7 = ~P3_7;
  24   2        }
  25   1      }
  26          
  27          void pauseVCR(){
  28   1        while(sala1 == 0 && sala2 == 0 && sala3 == 0 && sala4 == 0){ //verifica se existe alguém em alguma das al
             -as;
  29   2          camera1 = DESLIGADO;
  30   2          camera2 = DESLIGADO;
  31   2          camera3 = DESLIGADO;
  32   2          camera4 = DESLIGADO;
  33   2          contador = 0;
  34   2          if(sala1 == 1 && sala2 == 0 && sala3 == 0 && sala4 == 0){
  35   3            contador = 60;  //alguém foi detectado na camera 1, pule para la;
  36   3            break;
  37   3          }
  38   2          else if(sala1 == 0 && sala2 == 1 && sala3 == 0 && sala4 == 0){
  39   3            contador = 120; //alguém foi detectado na camera 2, pule para la;
  40   3            break;
  41   3          }
  42   2          else if(sala1 == 0 && sala2 == 0 && sala3 == 1 && sala4 == 0){
  43   3            contador = 180; //alguém foi detectado na camera 3, pule para la;
  44   3            break;
  45   3          }
  46   2          else if(sala1 == 0 && sala2 == 0 && sala3 == 0 && sala4 == 1){
  47   3            contador = 220; //alguém foi detectado na camera 4, pule para la;
  48   3            break;
  49   3          }
  50   2        }
  51   1      }
  52          
  53          void caixaCheiaInterrupt() interrupt 1{
C51 COMPILER V9.59.0.0   MAIN                                                              10/23/2018 14:58:04 PAGE 2   

  54   1        TR0 = 0; //pausa timer para recarregar (Timer Stop)
  55   1        TH0 = 0x3C; //recarrega o timer com o valor inicial de 
  56   1        TL0 = 0xAF; //15.535 
  57   1        TR0 = 1; //ativa timer para contar (Timer RUN)
  58   1        
  59   1        if(contador == 60){ //se passou 50ms x 60 = 3 segundos
  60   2          camera1 = LIGADO; //Liga a camera um e desliga as outras
  61   2          camera2 = DESLIGADO;
  62   2          camera3 = DESLIGADO;
  63   2          camera4 = DESLIGADO;
  64   2          
  65   2        }else if(contador == 120){ //se passou 50ms x 120 = 6 segundos
  66   2          camera2 = LIGADO; //liga camera dois e desliga as outras
  67   2          camera1 = DESLIGADO;
  68   2          camera3 = DESLIGADO;
  69   2          camera4 = DESLIGADO;
  70   2        } else if(contador == 180){ //se passou 50ms x 180 = 9 segundos
  71   2          camera3 = LIGADO; //liga a camera tres e desliga as outras
  72   2          camera1 = DESLIGADO;
  73   2          camera2 = DESLIGADO;
  74   2          camera4 = DESLIGADO;
  75   2        }else if(contador == 240){ //se passou 50ms x 240 = 12 segundos
  76   2          camera4 = LIGADO; //liga a camera quatro e desliga as outras
  77   2          camera1 = DESLIGADO;
  78   2          camera2 = DESLIGADO;
  79   2          camera3 = DESLIGADO;
  80   2          contador = 0;
  81   2        }
  82   1        contador++;
  83   1        //verificação se há alguém ou não na sala
  84   1        pauseVCR();
  85   1      }
  86          
  87          int main(){
  88   1          EA = 1;
  89   1          EX0 = 1;
  90   1          ET0 = 1;
  91   1          TMOD = 1; 
  92   1          TR0 = 1;
  93   1          P1 = DESLIGADO;
  94   1          while(1)
  95   1          {
  96   2          }
  97   1          
  98   1      }


MODULE INFORMATION:   STATIC OVERLAYABLE
   CODE SIZE        =    304    ----
   CONSTANT SIZE    =   ----    ----
   XDATA SIZE       =   ----    ----
   PDATA SIZE       =   ----    ----
   DATA SIZE        =      6    ----
   IDATA SIZE       =   ----    ----
   BIT SIZE         =   ----    ----
END OF MODULE INFORMATION.


C51 COMPILATION COMPLETE.  0 WARNING(S),  0 ERROR(S)
